WARNING: A restricted method in java.lang.System has been called
WARNING: java.lang.System::load has been called by org.fusesource.jansi.internal.JansiLoader in an unnamed module (file:/Users/miroslavondrousek/.m2/wrapper/dists/apache-maven-3.9.9/3477a4f1/lib/jansi-2.4.1.jar)
WARNING: Use --enable-native-access=ALL-UNNAMED to avoid a warning for callers in this module
WARNING: Restricted methods will be blocked in a future release unless native access is enabled

WARNING: A terminally deprecated method in sun.misc.Unsafe has been called
WARNING: sun.misc.Unsafe::objectFieldOffset has been called by com.google.common.util.concurrent.AbstractFuture$UnsafeAtomicHelper (file:/Users/miroslavondrousek/.m2/wrapper/dists/apache-maven-3.9.9/3477a4f1/lib/guava-33.2.1-jre.jar)
WARNING: Please consider reporting this to the maintainers of class com.google.common.util.concurrent.AbstractFuture$UnsafeAtomicHelper
WARNING: sun.misc.Unsafe::objectFieldOffset will be removed in a future release
[INFO] Scanning for projects...
[INFO] 
[INFO] -----------------------< com.example:timevault >------------------------
[INFO] Building timevault 1.0-SNAPSHOT
[INFO]   from pom.xml
[INFO] --------------------------------[ jar ]---------------------------------
[INFO] 
[INFO] >>> spring-boot:4.0.3:run (default-cli) > test-compile @ timevault >>>
[INFO] 
[INFO] --- resources:3.3.1:resources (default-resources) @ timevault ---
[INFO] Copying 1 resource from src/main/resources to target/classes
[INFO] Copying 9 resources from src/main/resources to target/classes
[INFO] 
[INFO] --- vaadin:25.0.7:prepare-frontend (default) @ timevault ---
[INFO] Reflections took 795 ms to scan 149 urls, producing 11465 keys and 46633 values
[INFO] Visited 95 classes. Took 44 ms.
[INFO] Copying frontend resources from jar files ...
[INFO] Visited 159 resources. Took 83 ms.
[INFO] 
[INFO] --- compiler:3.14.1:compile (default-compile) @ timevault ---
[INFO] Nothing to compile - all classes are up to date.
[INFO] 
[INFO] --- resources:3.3.1:testResources (default-testResources) @ timevault ---
[INFO] skip non existing resourceDirectory /Users/miroslavondrousek/GitHub/timevault/src/test/resources
[INFO] 
[INFO] --- compiler:3.14.1:testCompile (default-testCompile) @ timevault ---
[INFO] No sources to compile
[INFO] 
[INFO] <<< spring-boot:4.0.3:run (default-cli) < test-compile @ timevault <<<
[INFO] 
[INFO] 
[INFO] --- spring-boot:4.0.3:run (default-cli) @ timevault ---
[INFO] Attaching agents: []

  .   ____          _            __ _ _
 /\\ / ___'_ __ _ _(_)_ __  __ _ \ \ \ \
( ( )\___ | '_ | '_| | '_ \/ _` | \ \ \ \
 \\/  ___)| |_)| | | | | || (_| |  ) ) ) )
  '  |____| .__|_| |_|_| |_\__, | / / / /
 =========|_|==============|___/=/_/_/_/

 :: Spring Boot ::                (v4.0.3)

2026-03-19T14:36:49.282+01:00  INFO 9526 --- [           main] com.example.Application                  : Starting Application using Java 24.0.1 with PID 9526 (/Users/miroslavondrousek/GitHub/timevault/target/classes started by miroslavondrousek in /Users/miroslavondrousek/GitHub/timevault)
2026-03-19T14:36:49.283+01:00  INFO 9526 --- [           main] com.example.Application                  : No active profile set, falling back to 1 default profile: "default"
2026-03-19T14:36:49.476+01:00  INFO 9526 --- [           main] .s.d.r.c.RepositoryConfigurationDelegate : Bootstrapping Spring Data JPA repositories in DEFAULT mode.
2026-03-19T14:36:49.493+01:00  INFO 9526 --- [           main] .s.d.r.c.RepositoryConfigurationDelegate : Finished Spring Data repository scanning in 13 ms. Found 1 JPA repository interface.
2026-03-19T14:36:50.023+01:00  INFO 9526 --- [           main] o.s.boot.tomcat.TomcatWebServer          : Tomcat initialized with port 8080 (http)
2026-03-19T14:36:50.032+01:00  INFO 9526 --- [           main] o.apache.catalina.core.StandardService   : Starting service [Tomcat]
2026-03-19T14:36:50.032+01:00  INFO 9526 --- [           main] o.apache.catalina.core.StandardEngine    : Starting Servlet engine: [Apache Tomcat/11.0.18]
2026-03-19T14:36:50.070+01:00  INFO 9526 --- [           main] b.w.c.s.WebApplicationContextInitializer : Root WebApplicationContext: initialization completed in 761 ms
2026-03-19T14:36:51.894+01:00  INFO 9526 --- [           main] c.v.f.s.VaadinServletContextInitializer  : Search for subclasses and classes with annotations took 1509 ms
2026-03-19T14:36:51.933+01:00  INFO 9526 --- [           main] c.v.b.d.startup.DevModeStartupListener   : Starting dev-mode updaters in /Users/miroslavondrousek/GitHub/timevault folder.
2026-03-19T14:36:51.955+01:00  INFO 9526 --- [           main] c.v.f.s.f.s.FullDependenciesScanner      : Visited 95 classes. Took 15 ms.
2026-03-19T14:36:51.956+01:00  INFO 9526 --- [           main] c.v.f.s.frontend.BundleValidationUtil    : Checking if a development mode bundle build is needed
2026-03-19T14:36:52.024+01:00  INFO 9526 --- [           main] c.v.f.s.frontend.BundleValidationUtil    : A development mode bundle build is not needed
2026-03-19T14:36:52.036+01:00  INFO 9526 --- [in-dev-server-1] c.v.f.s.frontend.TaskCopyFrontendFiles   : Copying frontend resources from jar files ...
2026-03-19T14:36:52.085+01:00  INFO 9526 --- [in-dev-server-1] c.v.f.s.frontend.TaskCopyFrontendFiles   : Visited 19 resources. Took 48 ms.
2026-03-19T14:36:52.120+01:00  INFO 9526 --- [           main] org.hibernate.orm.jpa                    : HHH008540: Processing PersistenceUnitInfo [name: default]
2026-03-19T14:36:52.144+01:00  INFO 9526 --- [           main] org.hibernate.orm.core                   : HHH000001: Hibernate ORM core version 7.2.4.Final
WARNING: A restricted method in java.lang.System has been called
WARNING: java.lang.System::load has been called by com.sun.jna.Native in an unnamed module (file:/Users/miroslavondrousek/.m2/repository/net/java/dev/jna/jna/5.18.1/jna-5.18.1.jar)
WARNING: Use --enable-native-access=ALL-UNNAMED to avoid a warning for callers in this module
WARNING: Restricted methods will be blocked in a future release unless native access is enabled

2026-03-19T14:36:52.360+01:00  INFO 9526 --- [           main] o.s.o.j.p.SpringPersistenceUnitInfo      : No LoadTimeWeaver setup: ignoring JPA class transformer
2026-03-19T14:36:52.375+01:00  INFO 9526 --- [           main] com.zaxxer.hikari.HikariDataSource       : HikariPool-1 - Starting...
2026-03-19T14:36:52.720+01:00  INFO 9526 --- [           main] com.zaxxer.hikari.pool.HikariPool        : HikariPool-1 - Added connection ConnectionID:1 ClientConnectionId: 8b5e3a70-e104-4852-82bc-2791d0e3df01
2026-03-19T14:36:52.721+01:00  INFO 9526 --- [           main] com.zaxxer.hikari.HikariDataSource       : HikariPool-1 - Start completed.
2026-03-19T14:36:52.744+01:00  WARN 9526 --- [           main] org.hibernate.orm.deprecation            : HHH90000025: SQLServerDialect does not need to be specified explicitly using 'hibernate.dialect' (remove the property setting and it will be selected by default)
2026-03-19T14:36:52.759+01:00  INFO 9526 --- [           main] org.hibernate.orm.connections.pooling    : HHH10001005: Database info:
	Database JDBC URL [jdbc:sqlserver://EASV-DB4:1433;connectRetryInterval=10;connectRetryCount=1;maxResultBuffer=-1;sendTemporalDataTypesAsStringForBulkCopy=true;delayLoadingLobs=true;useFmtOnly=false;cacheBulkCopyMetadata=false;useBulkCopyForBatchInsert=false;cancelQueryTimeout=-1;sslProtocol=TLS;calcBigDecimalPrecision=false;useDefaultJaasConfig=false;jaasConfigurationName=SQLJDBCDriver;statementPoolingCacheSize=0;serverPreparedStatementDiscardThreshold=10;enablePrepareOnFirstPreparedStatementCall=false;fips=false;socketTimeout=0;authentication=NotSpecified;authenticationScheme=nativeAuthentication;xopenStates=false;datetimeParameterType=datetime2;sendTimeAsDatetime=true;replication=false;trustStoreType=JKS;trustServerCertificate=true;TransparentNetworkIPResolution=true;iPAddressPreference=IPv4First;serverNameAsACE=false;sendStringParametersAsUnicode=true;selectMethod=direct;responseBuffering=adaptive;queryTimeout=-1;packetSize=8000;multiSubnetFailover=false;loginTimeout=30;lockTimeout=-1;lastUpdateCount=true;useDefaultGSSCredential=false;prepareMethod=prepexec;encrypt=true;disableStatementPooling=true;databaseName=timevault_debug;columnEncryptionSetting=Disabled;applicationName=Microsoft JDBC Driver for SQL Server;applicationIntent=readwrite;]
	Database driver: Microsoft JDBC Driver 12.8 for SQL Server
	Database dialect: SQLServerDialect
	Database version: 15.0
	Default catalog/schema: timevault_debug/dbo
	Autocommit mode: undefined/unknown
	Isolation level: READ_COMMITTED [default READ_COMMITTED]
	JDBC fetch size: 128
	Pool: DataSourceConnectionProvider
	Minimum pool size: undefined/unknown
	Maximum pool size: undefined/unknown
2026-03-19T14:36:53.229+01:00  INFO 9526 --- [           main] org.hibernate.orm.core                   : HHH000489: No JTA platform available (set 'hibernate.transaction.jta.platform' to enable JTA platform integration)
Hibernate: alter table vault_items alter column ai_context NVARCHAR(MAX)
Hibernate: alter table vault_items alter column content NVARCHAR(MAX)
2026-03-19T14:36:53.330+01:00  INFO 9526 --- [           main] j.LocalContainerEntityManagerFactoryBean : Initialized JPA EntityManagerFactory for persistence unit 'default'
2026-03-19T14:36:53.391+01:00  INFO 9526 --- [           main] o.s.d.j.r.query.QueryEnhancerFactories   : Hibernate is in classpath; If applicable, HQL parser will be used.
2026-03-19T14:36:53.988+01:00  INFO 9526 --- [           main] org.atmosphere.cpr.AtmosphereFramework   : Installed AtmosphereHandler com.vaadin.flow.server.communication.PushAtmosphereHandler mapped to context-path: /*
2026-03-19T14:36:53.988+01:00  INFO 9526 --- [           main] org.atmosphere.cpr.AtmosphereFramework   : Installed the following AtmosphereInterceptor mapped to AtmosphereHandler com.vaadin.flow.server.communication.PushAtmosphereHandler
2026-03-19T14:36:54.002+01:00  INFO 9526 --- [           main] org.atmosphere.cpr.AtmosphereFramework   : Atmosphere is using org.atmosphere.util.VoidAnnotationProcessor for processing annotation
2026-03-19T14:36:54.006+01:00  INFO 9526 --- [           main] org.atmosphere.util.ForkJoinPool         : Using ForkJoinPool  java.util.concurrent.ForkJoinPool. Set the org.atmosphere.cpr.broadcaster.maxAsyncWriteThreads to -1 to fully use its power.
2026-03-19T14:36:54.009+01:00  INFO 9526 --- [           main] org.atmosphere.cpr.AtmosphereFramework   : Installed WebSocketProtocol org.atmosphere.websocket.protocol.SimpleHttpProtocol 
2026-03-19T14:36:54.011+01:00  INFO 9526 --- [           main] o.a.container.JSR356AsyncSupport         : JSR 356 Mapping path /VAADIN/push
2026-03-19T14:36:54.016+01:00  INFO 9526 --- [           main] org.atmosphere.cpr.AtmosphereFramework   : Installing Default AtmosphereInterceptors
2026-03-19T14:36:54.016+01:00  INFO 9526 --- [           main] org.atmosphere.cpr.AtmosphereFramework   : 	org.atmosphere.interceptor.CorsInterceptor : CORS Interceptor Support
2026-03-19T14:36:54.016+01:00  INFO 9526 --- [           main] org.atmosphere.cpr.AtmosphereFramework   : 	org.atmosphere.interceptor.CacheHeadersInterceptor : Default Response's Headers Interceptor
2026-03-19T14:36:54.017+01:00  INFO 9526 --- [           main] org.atmosphere.cpr.AtmosphereFramework   : 	org.atmosphere.interceptor.PaddingAtmosphereInterceptor : Browser Padding Interceptor Support
2026-03-19T14:36:54.017+01:00  INFO 9526 --- [           main] org.atmosphere.cpr.AtmosphereFramework   : 	org.atmosphere.interceptor.AndroidAtmosphereInterceptor : Android Interceptor Support
2026-03-19T14:36:54.017+01:00  INFO 9526 --- [           main] org.atmosphere.cpr.AtmosphereFramework   : 	org.atmosphere.interceptor.HeartbeatInterceptor : Heartbeat Interceptor Support
2026-03-19T14:36:54.017+01:00  INFO 9526 --- [           main] org.atmosphere.cpr.AtmosphereFramework   : 	org.atmosphere.interceptor.SSEAtmosphereInterceptor : SSE Interceptor Support
2026-03-19T14:36:54.018+01:00  INFO 9526 --- [           main] org.atmosphere.cpr.AtmosphereFramework   : 	org.atmosphere.interceptor.JSONPAtmosphereInterceptor : JSONP Interceptor Support
2026-03-19T14:36:54.018+01:00  INFO 9526 --- [           main] org.atmosphere.cpr.AtmosphereFramework   : 	org.atmosphere.interceptor.JavaScriptProtocol : Atmosphere JavaScript Protocol
2026-03-19T14:36:54.018+01:00  INFO 9526 --- [           main] org.atmosphere.cpr.AtmosphereFramework   : 	org.atmosphere.interceptor.WebSocketMessageSuspendInterceptor : org.atmosphere.interceptor.WebSocketMessageSuspendInterceptor
2026-03-19T14:36:54.018+01:00  INFO 9526 --- [           main] org.atmosphere.cpr.AtmosphereFramework   : 	org.atmosphere.interceptor.OnDisconnectInterceptor : Browser disconnection detection
2026-03-19T14:36:54.018+01:00  INFO 9526 --- [           main] org.atmosphere.cpr.AtmosphereFramework   : 	org.atmosphere.interceptor.IdleResourceInterceptor : org.atmosphere.interceptor.IdleResourceInterceptor
2026-03-19T14:36:54.018+01:00  INFO 9526 --- [           main] org.atmosphere.cpr.AtmosphereFramework   : Set org.atmosphere.cpr.AtmosphereInterceptor.disableDefaults to disable them.
2026-03-19T14:36:54.018+01:00  INFO 9526 --- [           main] org.atmosphere.cpr.AtmosphereFramework   : Installed AtmosphereInterceptor CORS Interceptor Support with priority FIRST_BEFORE_DEFAULT 
2026-03-19T14:36:54.018+01:00  INFO 9526 --- [           main] org.atmosphere.cpr.AtmosphereFramework   : Installed AtmosphereInterceptor Default Response's Headers Interceptor with priority AFTER_DEFAULT 
2026-03-19T14:36:54.018+01:00  INFO 9526 --- [           main] org.atmosphere.cpr.AtmosphereFramework   : Installed AtmosphereInterceptor Browser Padding Interceptor Support with priority AFTER_DEFAULT 
2026-03-19T14:36:54.018+01:00  INFO 9526 --- [           main] org.atmosphere.cpr.AtmosphereFramework   : Installed AtmosphereInterceptor Android Interceptor Support with priority AFTER_DEFAULT 
2026-03-19T14:36:54.018+01:00  INFO 9526 --- [           main] o.a.interceptor.HeartbeatInterceptor     : HeartbeatInterceptor configured with padding value 'X', client frequency 0 seconds and server frequency 60 seconds
2026-03-19T14:36:54.019+01:00  INFO 9526 --- [           main] org.atmosphere.cpr.AtmosphereFramework   : Installed AtmosphereInterceptor Heartbeat Interceptor Support with priority AFTER_DEFAULT 
2026-03-19T14:36:54.019+01:00  INFO 9526 --- [           main] org.atmosphere.cpr.AtmosphereFramework   : Installed AtmosphereInterceptor SSE Interceptor Support with priority AFTER_DEFAULT 
2026-03-19T14:36:54.019+01:00  INFO 9526 --- [           main] org.atmosphere.cpr.AtmosphereFramework   : Installed AtmosphereInterceptor JSONP Interceptor Support with priority AFTER_DEFAULT 
2026-03-19T14:36:54.019+01:00  INFO 9526 --- [           main] org.atmosphere.cpr.AtmosphereFramework   : Installed AtmosphereInterceptor Atmosphere JavaScript Protocol with priority AFTER_DEFAULT 
2026-03-19T14:36:54.019+01:00  INFO 9526 --- [           main] org.atmosphere.cpr.AtmosphereFramework   : Installed AtmosphereInterceptor org.atmosphere.interceptor.WebSocketMessageSuspendInterceptor with priority AFTER_DEFAULT 
2026-03-19T14:36:54.019+01:00  INFO 9526 --- [           main] org.atmosphere.cpr.AtmosphereFramework   : Installed AtmosphereInterceptor Browser disconnection detection with priority AFTER_DEFAULT 
2026-03-19T14:36:54.019+01:00  INFO 9526 --- [           main] org.atmosphere.cpr.AtmosphereFramework   : Installed AtmosphereInterceptor org.atmosphere.interceptor.IdleResourceInterceptor with priority BEFORE_DEFAULT 
2026-03-19T14:36:54.019+01:00  INFO 9526 --- [           main] org.atmosphere.cpr.AtmosphereFramework   : Using EndpointMapper class org.atmosphere.util.DefaultEndpointMapper
2026-03-19T14:36:54.019+01:00  INFO 9526 --- [           main] org.atmosphere.cpr.AtmosphereFramework   : Using BroadcasterCache: org.atmosphere.cache.UUIDBroadcasterCache
2026-03-19T14:36:54.019+01:00  INFO 9526 --- [           main] org.atmosphere.cpr.AtmosphereFramework   : Default Broadcaster Class: org.atmosphere.cpr.DefaultBroadcaster
2026-03-19T14:36:54.019+01:00  INFO 9526 --- [           main] org.atmosphere.cpr.AtmosphereFramework   : Broadcaster Shared List Resources: false
2026-03-19T14:36:54.019+01:00  INFO 9526 --- [           main] org.atmosphere.cpr.AtmosphereFramework   : Broadcaster Polling Wait Time 100
2026-03-19T14:36:54.019+01:00  INFO 9526 --- [           main] org.atmosphere.cpr.AtmosphereFramework   : Shared ExecutorService supported: true
2026-03-19T14:36:54.019+01:00  INFO 9526 --- [           main] org.atmosphere.cpr.AtmosphereFramework   : Messaging ExecutorService Pool Size unavailable - Not instance of ThreadPoolExecutor
2026-03-19T14:36:54.019+01:00  INFO 9526 --- [           main] org.atmosphere.cpr.AtmosphereFramework   : Async I/O Thread Pool Size: 200
2026-03-19T14:36:54.019+01:00  INFO 9526 --- [           main] org.atmosphere.cpr.AtmosphereFramework   : Using BroadcasterFactory: org.atmosphere.cpr.DefaultBroadcasterFactory
2026-03-19T14:36:54.019+01:00  INFO 9526 --- [           main] org.atmosphere.cpr.AtmosphereFramework   : Using AtmosphereResurceFactory: org.atmosphere.cpr.DefaultAtmosphereResourceFactory
2026-03-19T14:36:54.019+01:00  INFO 9526 --- [           main] org.atmosphere.cpr.AtmosphereFramework   : Using WebSocketProcessor: org.atmosphere.websocket.DefaultWebSocketProcessor
2026-03-19T14:36:54.020+01:00  INFO 9526 --- [           main] org.atmosphere.cpr.AtmosphereFramework   : Invoke AtmosphereInterceptor on WebSocket message true
2026-03-19T14:36:54.020+01:00  INFO 9526 --- [           main] org.atmosphere.cpr.AtmosphereFramework   : HttpSession supported: true
2026-03-19T14:36:54.020+01:00  INFO 9526 --- [           main] org.atmosphere.cpr.AtmosphereFramework   : Atmosphere is using org.atmosphere.inject.InjectableObjectFactory for dependency injection and object creation
2026-03-19T14:36:54.020+01:00  INFO 9526 --- [           main] org.atmosphere.cpr.AtmosphereFramework   : Atmosphere is using async support: org.atmosphere.container.JSR356AsyncSupport running under container: Apache Tomcat/11.0.18 using jakarta.servlet/3.0 and jsr356/WebSocket API
2026-03-19T14:36:54.020+01:00  INFO 9526 --- [           main] org.atmosphere.cpr.AtmosphereFramework   : Atmosphere Framework 3.0.5.slf4jvaadin1 started.
2026-03-19T14:36:54.022+01:00  INFO 9526 --- [           main] org.atmosphere.cpr.AtmosphereFramework   : Installed AtmosphereInterceptor  Track Message Size Interceptor using | with priority BEFORE_DEFAULT 
2026-03-19T14:36:54.030+01:00  WARN 9526 --- [           main] ConfigServletWebServerApplicationContext : Exception encountered during context initialization - cancelling refresh attempt: org.springframework.context.ApplicationContextException: Failed to start bean 'webServerStartStop'
2026-03-19T14:36:54.031+01:00  INFO 9526 --- [           main] j.LocalContainerEntityManagerFactoryBean : Closing JPA EntityManagerFactory for persistence unit 'default'
2026-03-19T14:36:54.032+01:00  INFO 9526 --- [           main] com.zaxxer.hikari.HikariDataSource       : HikariPool-1 - Shutdown initiated...
2026-03-19T14:36:54.035+01:00  INFO 9526 --- [           main] com.zaxxer.hikari.HikariDataSource       : HikariPool-1 - Shutdown completed.
2026-03-19T14:36:54.040+01:00  INFO 9526 --- [           main] .s.b.a.l.ConditionEvaluationReportLogger : 

Error starting ApplicationContext. To display the condition evaluation report re-run your application with 'debug' enabled.
2026-03-19T14:36:54.046+01:00 ERROR 9526 --- [           main] o.s.b.d.LoggingFailureAnalysisReporter   : 

***************************
APPLICATION FAILED TO START
***************************

Description:

Web server failed to start. Port 8080 was already in use.

Action:

Identify and stop the process that's listening on port 8080 or configure this application to listen on another port.

[INFO] ------------------------------------------------------------------------
[INFO] BUILD FAILURE
[INFO] ------------------------------------------------------------------------
[INFO] Total time:  7.438 s
[INFO] Finished at: 2026-03-19T14:36:54+01:00
[INFO] ------------------------------------------------------------------------
[ERROR] Failed to execute goal org.springframework.boot:spring-boot-maven-plugin:4.0.3:run (default-cli) on project timevault: Process terminated with exit code: 1 -> [Help 1]
[ERROR] 
[ERROR] To see the full stack trace of the errors, re-run Maven with the -e switch.
[ERROR] Re-run Maven using the -X switch to enable full debug logging.
[ERROR] 
[ERROR] For more information about the errors and possible solutions, please read the following articles:
[ERROR] [Help 1] http://cwiki.apache.org/confluence/display/MAVEN/MojoExecutionException
